[debug] [2022-02-23T15:12:34.218Z] ----------------------------------------------------------------------
[debug] [2022-02-23T15:12:34.219Z] Command:       /usr/local/bin/node /usr/local/bin/firebase init
[debug] [2022-02-23T15:12:34.219Z] CLI Version:   10.2.1
[debug] [2022-02-23T15:12:34.220Z] Platform:      linux
[debug] [2022-02-23T15:12:34.220Z] Node Version:  v17.2.0
[debug] [2022-02-23T15:12:34.220Z] Time:          Wed Feb 23 2022 09:12:34 GMT-0600 (Central Standard Time)
[debug] [2022-02-23T15:12:34.220Z] ----------------------------------------------------------------------
[debug] 
[debug] [2022-02-23T15:12:34.227Z] > command requires scopes: ["email","openid","https://www.googleapis.com/auth/cloudplatformprojects.readonly","https://www.googleapis.com/auth/firebase","https://www.googleapis.com/auth/cloud-platform"]
[debug] [2022-02-23T15:12:34.228Z] > authorizing via signed-in user (pablorochatmm@gmail.com)
[info] 
     ######## #### ########  ######## ########     ###     ######  ########
     ##        ##  ##     ## ##       ##     ##  ##   ##  ##       ##
     ######    ##  ########  ######   ########  #########  ######  ######
     ##        ##  ##    ##  ##       ##     ## ##     ##       ## ##
     ##       #### ##     ## ######## ########  ##     ##  ######  ########

You're about to initialize a Firebase project in this directory:

  /home/rocha/Proyects/Solidity/F1Bet

[info] 
=== Project Setup
[info] 
[info] First, let's associate this project directory with a Firebase project.
[info] You can create multiple project aliases by running firebase use --add, 
[info] but for now we'll just set up a default project.
[info] 
[debug] [2022-02-23T15:12:51.030Z] >>> [apiv2][query] GET https://firebase.googleapis.com/v1beta1/projects pageSize=100
[debug] [2022-02-23T15:12:51.401Z] <<< [apiv2][status] GET https://firebase.googleapis.com/v1beta1/projects 200
[debug] [2022-02-23T15:12:51.401Z] <<< [apiv2][body] GET https://firebase.googleapis.com/v1beta1/projects [omitted]
[info] i  Using project f1-rink (F1-rink) 
[info] 
=== Hosting Setup
[info] 
[info] Your public directory is the folder (relative to your project directory) that
[info] will contain Hosting assets to be uploaded with firebase deploy. If you
[info] have a build process for your assets, use your build's output directory.
[info] 
[debug] [2022-02-23T15:13:05.252Z] >>> [apiv2][query] GET https://www.gstatic.com/firebasejs/releases.json [none]
[debug] [2022-02-23T15:13:05.402Z] <<< [apiv2][status] GET https://www.gstatic.com/firebasejs/releases.json 200
[debug] [2022-02-23T15:13:05.402Z] <<< [apiv2][body] GET https://www.gstatic.com/firebasejs/releases.json {"current":{"version":"9.6.7","browserURL":"https://www.gstatic.com/firebasejs/9.6.7/firebase.js","packageURL":"https://www.gstatic.com/firebasejs/9.6.7/firebase.tgz"},"live":{"version":"9.6","browserURL":"https://www.gstatic.com/firebasejs/live/9.6/firebase.js","packageURL":"https://www.gstatic.com/firebasejs/live/9.6/firebase.tgz"},"components":{"analytics":"https://www.gstatic.com/firebasejs/9.6.7/firebase-analytics.js","app":"https://www.gstatic.com/firebasejs/9.6.7/firebase-app.js","app-check":"https://www.gstatic.com/firebasejs/9.6.7/firebase-app-check.js","auth":"https://www.gstatic.com/firebasejs/9.6.7/firebase-auth.js","auth/cordova":"https://www.gstatic.com/firebasejs/9.6.7/firebase-auth/cordova.js","auth/react-native":"https://www.gstatic.com/firebasejs/9.6.7/firebase-auth/react-native.js","functions":"https://www.gstatic.com/firebasejs/9.6.7/firebase-functions.js","firestore":"https://www.gstatic.com/firebasejs/9.6.7/firebase-firestore.js","firestore/lite":"https://www.gstatic.com/firebasejs/9.6.7/firebase-firestore/lite.js","storage":"https://www.gstatic.com/firebasejs/9.6.7/firebase-storage.js","performance":"https://www.gstatic.com/firebasejs/9.6.7/firebase-performance.js","remote-config":"https://www.gstatic.com/firebasejs/9.6.7/firebase-remote-config.js","messaging":"https://www.gstatic.com/firebasejs/9.6.7/firebase-messaging.js","messaging/sw":"https://www.gstatic.com/firebasejs/9.6.7/firebase-messaging/sw.js","database":"https://www.gstatic.com/firebasejs/9.6.7/firebase-database.js","firestore.memory":"https://www.gstatic.com/firebasejs/9.6.7/firebase-firestore.memory.js"}}
[info] ✔  Wrote .next/index.html 
[info] 
[info] i  Detected a .git folder at /home/rocha/Proyects/Solidity/F1Bet 
[info] i  Authorizing with GitHub to upload your service account to a GitHub repository's secrets store. 
[info] 
[info] Visit this URL on this device to log in:
[info] https://github.com/login/oauth/authorize?client_id=89cf50f02ac6aaed3484&state=721295614&redirect_uri=http%3A%2F%2Flocalhost%3A9005&scope=read%3Auser%20repo%20public_repo
[info] 
[info] Waiting for authentication...
[debug] [2022-02-23T15:13:06.157Z] >>> HTTP REQUEST POST https://github.com/login/oauth/access_token  
 {"client_id":"89cf50f02ac6aaed3484","client_secret":"3330d14abc895d9a74d5f17cd7a00711fa2c5bf0","code":"f6cb8b95500c54e4e688","redirect_uri":"http://localhost:9005","state":"721295614"}
[debug] [2022-02-23T15:13:06.619Z] <<< HTTP RESPONSE 200 {"server":"GitHub.com","date":"Wed, 23 Feb 2022 15:13:06 GMT","content-type":"application/json; charset=utf-8","transfer-encoding":"chunked","vary":"X-PJAX, X-PJAX-Container, Accept-Encoding, Accept, X-Requested-With","permissions-policy":"interest-cohort=()","etag":"W/\"2ac663576eb7d3bffbc41ade48fc58d2\"","cache-control":"max-age=0, private, must-revalidate","strict-transport-security":"max-age=31536000; includeSubdomains; preload","x-frame-options":"deny","x-content-type-options":"nosniff","x-xss-protection":"0","referrer-policy":"origin-when-cross-origin, strict-origin-when-cross-origin","expect-ct":"max-age=2592000, report-uri=\"https://api.github.com/_private/browser/errors\"","content-security-policy":"default-src 'none'; base-uri 'self'; block-all-mixed-content; child-src github.com/assets-cdn/worker/ gist.github.com/assets-cdn/worker/; connect-src 'self' uploads.github.com objects-origin.githubusercontent.com www.githubstatus.com collector.githubapp.com collector.github.com api.github.com github-cloud.s3.amazonaws.com github-production-repository-file-5c1aeb.s3.amazonaws.com github-production-upload-manifest-file-7fdce7.s3.amazonaws.com github-production-user-asset-6210df.s3.amazonaws.com cdn.optimizely.com logx.optimizely.com/v1/events translator.github.com wss://alive.github.com; font-src github.githubassets.com; form-action 'self' github.com gist.github.com objects-origin.githubusercontent.com; frame-ancestors 'none'; frame-src render.githubusercontent.com viewscreen.githubusercontent.com notebooks.githubusercontent.com; img-src 'self' data: github.githubassets.com identicons.github.com collector.githubapp.com collector.github.com github-cloud.s3.amazonaws.com secured-user-images.githubusercontent.com/ *.githubusercontent.com; manifest-src 'self'; media-src github.com user-images.githubusercontent.com/; script-src github.githubassets.com; style-src 'unsafe-inline' github.githubassets.com; worker-src github.com/assets-cdn/worker/ gist.github.com/assets-cdn/worker/","x-github-request-id":"EB72:6E88:1FB59C:373CBC:62164F02"}
[debug] [2022-02-23T15:13:06.625Z] >>> [apiv2][query] GET https://api.github.com/user [none]
[debug] [2022-02-23T15:13:07.141Z] <<< [apiv2][status] GET https://api.github.com/user 200
[debug] [2022-02-23T15:13:07.141Z] <<< [apiv2][body] GET https://api.github.com/user {"login":"PRocha0503","id":78757638,"node_id":"MDQ6VXNlcjc4NzU3NjM4","avatar_url":"https://avatars.githubusercontent.com/u/78757638?v=4","gravatar_id":"","url":"https://api.github.com/users/PRocha0503","html_url":"https://github.com/PRocha0503","followers_url":"https://api.github.com/users/PRocha0503/followers","following_url":"https://api.github.com/users/PRocha0503/following{/other_user}","gists_url":"https://api.github.com/users/PRocha0503/gists{/gist_id}","starred_url":"https://api.github.com/users/PRocha0503/starred{/owner}{/repo}","subscriptions_url":"https://api.github.com/users/PRocha0503/subscriptions","organizations_url":"https://api.github.com/users/PRocha0503/orgs","repos_url":"https://api.github.com/users/PRocha0503/repos","events_url":"https://api.github.com/users/PRocha0503/events{/privacy}","received_events_url":"https://api.github.com/users/PRocha0503/received_events","type":"User","site_admin":false,"name":"Pablo Rocha","company":"Tegger","blog":"","location":"Mexico","email":null,"hireable":null,"bio":null,"twitter_username":null,"public_repos":18,"public_gists":0,"followers":1,"following":2,"created_at":"2021-02-08T19:06:13Z","updated_at":"2022-02-16T19:41:51Z","private_gists":0,"total_private_repos":6,"owned_private_repos":5,"disk_usage":31649,"collaborators":1,"two_factor_authentication":false,"plan":{"name":"free","space":976562499,"collaborators":0,"private_repos":10000}}
[info] 
[info] ✔  Success! Logged into GitHub as PRocha0503 
[info] 
